<!DOCTYPE html PUBLIC "-//W3C//DTD XHTML 1.1//EN" "http://www.w3.org/TR/xhtml11/DTD/xhtml11.dtd">
<html xmlns="http://www.w3.org/1999/xhtml"><head><title>TestNG Report</title><style type="text/css">table {margin-bottom:10px;border-collapse:collapse;empty-cells:show}th,td {border:1px solid #009;padding:.25em .5em}th {vertical-align:bottom}td {vertical-align:top}table a {font-weight:bold}.stripe td {background-color: #E6EBF9}.num {text-align:right}.passedodd td {background-color: #3F3}.passedeven td {background-color: #0A0}.skippedodd td {background-color: #DDD}.skippedeven td {background-color: #CCC}.failedodd td,.attn {background-color: #F33}.failedeven td,.stripe .attn {background-color: #D00}.stacktrace {white-space:pre;font-family:monospace}.totop {font-size:85%;text-align:center;border-bottom:2px solid #000}</style></head><body><table><tr><th>Test</th><th># Passed</th><th># Skipped</th><th># Failed</th><th>Time (ms)</th><th>Included Groups</th><th>Excluded Groups</th></tr><tr><th colspan="7">TSTestSuite</th></tr><tr><td><a href="#t0">ArtistaWebDriverTest</a></td><td class="num">0</td><td class="num attn">2</td><td class="num attn">2</td><td class="num">31.450</td><td></td><td></td></tr></table><table><thead><tr><th>Class</th><th>Method</th><th>Start</th><th>Time (ms)</th></tr></thead><tbody><tr><th colspan="4">TSTestSuite</th></tr></tbody><tbody id="t0"><tr><th colspan="4">ArtistaWebDriverTest &#8212; failed (configuration methods)</th></tr><tr class="failedeven"><td rowspan="1">pe.com.test.seleniumwd.ArtistaWebDriverTest</td><td><a href="#m0">tearDown</a></td><td rowspan="1">1528871995428</td><td rowspan="1">0</td></tr><tr><th colspan="4">ArtistaWebDriverTest &#8212; failed</th></tr><tr class="failedeven"><td rowspan="2">pe.com.test.seleniumwd.ArtistaWebDriverTest</td><td><a href="#m1">insertarArtista</a></td><td rowspan="2">1528871992902</td><td rowspan="2">2510</td></tr><tr class="failedeven"><td><a href="#m2">insertarArtista</a></td></tr><tr><th colspan="4">ArtistaWebDriverTest &#8212; skipped</th></tr><tr class="skippedeven"><td rowspan="2">pe.com.test.seleniumwd.ArtistaWebDriverTest</td><td><a href="#m3">actualizarArtista</a></td><td rowspan="1">1528871995428</td><td rowspan="1">0</td></tr><tr class="skippedeven"><td><a href="#m4">eliminarArtista</a></td><td rowspan="1">1528871995428</td><td rowspan="1">0</td></tr></tbody></table><h2>ArtistaWebDriverTest</h2><h3 id="m0">pe.com.test.seleniumwd.ArtistaWebDriverTest#tearDown</h3><table class="result"><tr><th>Exception</th></tr><tr><td><div class="stacktrace">org.openqa.selenium.SessionNotCreatedException: Tried to run command without establishing a connection
Build info: version: &apos;3.11.0&apos;, revision: &apos;e59cfb3&apos;, time: &apos;2018-03-11T20:26:55.152Z&apos;
System info: host: &apos;WIN-NO5VUV5PR36&apos;, ip: &apos;192.168.175.129&apos;, os.name: &apos;Windows 7&apos;, os.arch: &apos;amd64&apos;, os.version: &apos;6.1&apos;, java.version: &apos;1.8.0_161&apos;
Driver info: org.openqa.selenium.firefox.FirefoxDriver
Capabilities {acceptInsecureCerts: true, browserName: firefox, browserVersion: 60.0.1, javascriptEnabled: true, moz:accessibilityChecks: false, moz:headless: false, moz:processID: 4404, moz:profile: C:\Users\Operador\AppData\L..., moz:useNonSpecCompliantPointerOrigin: false, moz:webdriverClick: true, pageLoadStrategy: normal, platform: XP, platformName: XP, platformVersion: 6.1, rotatable: false, timeouts: {implicit: 0, pageLoad: 300000, script: 30000}}
Session ID: ab5f5d84-8684-46e4-a32e-7e84bf923bbc
	at org.openqa.selenium.remote.http.W3CHttpResponseCodec.createException(W3CHttpResponseCodec.java:187)
	at org.openqa.selenium.remote.http.W3CHttpResponseCodec.decode(W3CHttpResponseCodec.java:122)
	at org.openqa.selenium.remote.http.W3CHttpResponseCodec.decode(W3CHttpResponseCodec.java:49)
	at org.openqa.selenium.remote.HttpCommandExecutor.execute(HttpCommandExecutor.java:158)
	at org.openqa.selenium.remote.service.DriverCommandExecutor.execute(DriverCommandExecutor.java:83)
	at org.openqa.selenium.remote.RemoteWebDriver.execute(RemoteWebDriver.java:545)
	at org.openqa.selenium.remote.RemoteWebDriver.execute(RemoteWebDriver.java:602)
	at org.openqa.selenium.remote.RemoteWebDriver.quit(RemoteWebDriver.java:445)
	at pe.com.test.seleniumwd.driver.TSDriver.cerrarPagina(TSDriver.java:32)
	at pe.com.test.seleniumwd.page.ArtistaPage.cerrarPagina(ArtistaPage.java:103)
	at pe.com.test.seleniumwd.ArtistaWebDriverTest.tearDown(ArtistaWebDriverTest.java:97)
... Removed 29 stack frames</div></td></tr></table><p class="totop"><a href="#summary">back to summary</a></p><h3 id="m1">pe.com.test.seleniumwd.ArtistaWebDriverTest#insertarArtista</h3><table class="result"><tr class="param"><th>Parameter #1</th><th>Parameter #2</th><th>Parameter #3</th><th>Parameter #4</th><th>Parameter #5</th><th>Parameter #6</th><th>Parameter #7</th><th>Parameter #8</th><th>Parameter #9</th></tr><tr class="param stripe"><td>admin</td><td>clave</td><td> </td><td>DNI</td><td>74973927</td><td>19/08/1998</td><td>M</td><td>Baladas</td><td>Nombre: Validation Error: Value is required.</td></tr><tr><th colspan="9">Exception</th></tr><tr><td colspan="9"><div class="stacktrace">java.lang.AssertionError: null
	at pe.com.test.seleniumwd.ArtistaWebDriverTest.insertarArtista(ArtistaWebDriverTest.java:68)
... Removed 29 stack frames</div></td></tr></table><p class="totop"><a href="#summary">back to summary</a></p><h3 id="m2">pe.com.test.seleniumwd.ArtistaWebDriverTest#insertarArtista</h3><table class="result"><tr class="param"><th>Parameter #1</th><th>Parameter #2</th><th>Parameter #3</th><th>Parameter #4</th><th>Parameter #5</th><th>Parameter #6</th><th>Parameter #7</th><th>Parameter #8</th><th>Parameter #9</th></tr><tr class="param stripe"><td>admin</td><td>clave</td><td>Raphael</td><td>DNI</td><td>74973926</td><td>19/08/1998</td><td>M</td><td>Baladas</td><td>Se guardó de manera correcta el Artista</td></tr><tr><th colspan="9">Exception</th></tr><tr><td colspan="9"><div class="stacktrace">java.lang.AssertionError: null
	at pe.com.test.seleniumwd.ArtistaWebDriverTest.insertarArtista(ArtistaWebDriverTest.java:68)
... Removed 29 stack frames</div></td></tr></table><p class="totop"><a href="#summary">back to summary</a></p><h3 id="m3">pe.com.test.seleniumwd.ArtistaWebDriverTest#actualizarArtista</h3><table class="result"><tr><th>Exception</th></tr><tr><td><div class="stacktrace">java.lang.Throwable: Method ArtistaWebDriverTest.actualizarArtista(java.lang.String, java.lang.String, java.lang.String, java.lang.String, java.lang.String, java.lang.String, java.lang.String, java.lang.String, java.lang.String, java.lang.String)[pri:0, instance:pe.com.test.seleniumwd.ArtistaWebDriverTest@2812cbfa] depends on not successfully finished methods
... Removed 20 stack frames</div></td></tr></table><p class="totop"><a href="#summary">back to summary</a></p><h3 id="m4">pe.com.test.seleniumwd.ArtistaWebDriverTest#eliminarArtista</h3><table class="result"><tr><th>Exception</th></tr><tr><td><div class="stacktrace">java.lang.Throwable: Method ArtistaWebDriverTest.eliminarArtista(java.lang.String, java.lang.String, java.lang.String, java.lang.String)[pri:0, instance:pe.com.test.seleniumwd.ArtistaWebDriverTest@2812cbfa] depends on not successfully finished methods
... Removed 20 stack frames</div></td></tr></table><p class="totop"><a href="#summary">back to summary</a></p></body></html>