<?xml version="1.0" encoding="UTF-8"?>
<!-- Generated by org.testng.reporters.JUnitXMLReporter -->
<testsuite hostname="WIN-NO5VUV5PR36" name="ArtistaWebDriverTest" tests="4" failures="2" timestamp="13 Jun 2018 06:39:55 GMT" time="31.45" errors="0">
  <testcase name="@AfterTest tearDown" time="0.0" classname="pe.com.test.seleniumwd.ArtistaWebDriverTest">
    <failure type="org.openqa.selenium.SessionNotCreatedException" message="Tried to run command without establishing a connection
Build info: version: &amp;apos;3.11.0&amp;apos;, revision: &amp;apos;e59cfb3&amp;apos;, time: &amp;apos;2018-03-11T20:26:55.152Z&amp;apos;
System info: host: &amp;apos;WIN-NO5VUV5PR36&amp;apos;, ip: &amp;apos;192.168.175.129&amp;apos;, os.name: &amp;apos;Windows 7&amp;apos;, os.arch: &amp;apos;amd64&amp;apos;, os.version: &amp;apos;6.1&amp;apos;, java.version: &amp;apos;1.8.0_161&amp;apos;
Driver info: org.openqa.selenium.firefox.FirefoxDriver
Capabilities {acceptInsecureCerts: true, browserName: firefox, browserVersion: 60.0.1, javascriptEnabled: true, moz:accessibilityChecks: false, moz:headless: false, moz:processID: 4404, moz:profile: C:\Users\Operador\AppData\L..., moz:useNonSpecCompliantPointerOrigin: false, moz:webdriverClick: true, pageLoadStrategy: normal, platform: XP, platformName: XP, platformVersion: 6.1, rotatable: false, timeouts: {implicit: 0, pageLoad: 300000, script: 30000}}
Session ID: ab5f5d84-8684-46e4-a32e-7e84bf923bbc">
      <![CDATA[org.openqa.selenium.SessionNotCreatedException: Tried to run command without establishing a connection
Build info: version: '3.11.0', revision: 'e59cfb3', time: '2018-03-11T20:26:55.152Z'
System info: host: 'WIN-NO5VUV5PR36', ip: '192.168.175.129', os.name: 'Windows 7', os.arch: 'amd64', os.version: '6.1', java.version: '1.8.0_161'
Driver info: org.openqa.selenium.firefox.FirefoxDriver
Capabilities {acceptInsecureCerts: true, browserName: firefox, browserVersion: 60.0.1, javascriptEnabled: true, moz:accessibilityChecks: false, moz:headless: false, moz:processID: 4404, moz:profile: C:\Users\Operador\AppData\L..., moz:useNonSpecCompliantPointerOrigin: false, moz:webdriverClick: true, pageLoadStrategy: normal, platform: XP, platformName: XP, platformVersion: 6.1, rotatable: false, timeouts: {implicit: 0, pageLoad: 300000, script: 30000}}
Session ID: ab5f5d84-8684-46e4-a32e-7e84bf923bbc
	at org.openqa.selenium.remote.http.W3CHttpResponseCodec.createException(W3CHttpResponseCodec.java:187)
	at org.openqa.selenium.remote.http.W3CHttpResponseCodec.decode(W3CHttpResponseCodec.java:122)
	at org.openqa.selenium.remote.http.W3CHttpResponseCodec.decode(W3CHttpResponseCodec.java:49)
	at org.openqa.selenium.remote.HttpCommandExecutor.execute(HttpCommandExecutor.java:158)
	at org.openqa.selenium.remote.service.DriverCommandExecutor.execute(DriverCommandExecutor.java:83)
	at org.openqa.selenium.remote.RemoteWebDriver.execute(RemoteWebDriver.java:545)
	at org.openqa.selenium.remote.RemoteWebDriver.execute(RemoteWebDriver.java:602)
	at org.openqa.selenium.remote.RemoteWebDriver.quit(RemoteWebDriver.java:445)
	at pe.com.test.seleniumwd.driver.TSDriver.cerrarPagina(TSDriver.java:32)
	at pe.com.test.seleniumwd.page.ArtistaPage.cerrarPagina(ArtistaPage.java:103)
	at pe.com.test.seleniumwd.ArtistaWebDriverTest.tearDown(ArtistaWebDriverTest.java:97)
... Removed 29 stack frames]]>
    </failure>
  </testcase> <!-- @AfterTest tearDown -->
  <testcase name="insertarArtista" time="6.086" classname="pe.com.test.seleniumwd.ArtistaWebDriverTest">
    <failure type="java.lang.AssertionError" message="null">
      <![CDATA[java.lang.AssertionError: null
	at pe.com.test.seleniumwd.ArtistaWebDriverTest.insertarArtista(ArtistaWebDriverTest.java:68)
... Removed 29 stack frames]]>
    </failure>
  </testcase> <!-- insertarArtista -->
  <testcase name="insertarArtista" time="2.51" classname="pe.com.test.seleniumwd.ArtistaWebDriverTest">
    <failure type="java.lang.AssertionError" message="null">
      <![CDATA[java.lang.AssertionError: null
	at pe.com.test.seleniumwd.ArtistaWebDriverTest.insertarArtista(ArtistaWebDriverTest.java:68)
... Removed 29 stack frames]]>
    </failure>
  </testcase> <!-- insertarArtista -->
  <testcase name="actualizarArtista" time="0.0" classname="pe.com.test.seleniumwd.ArtistaWebDriverTest">
    <skipped/>
  </testcase> <!-- actualizarArtista -->
  <testcase name="eliminarArtista" time="0.0" classname="pe.com.test.seleniumwd.ArtistaWebDriverTest">
    <skipped/>
  </testcase> <!-- eliminarArtista -->
</testsuite> <!-- ArtistaWebDriverTest -->
